2023-05-21 22:05:650 INFO  LoginPage :24 - Enter Username[[ChromeDriver: chrome on WINDOWS (1202055e87fff73f4029c91d8044e9b2)] -> name: username]
2023-05-21 22:05:808 INFO  LoginPage :36 - Enter Password[[ChromeDriver: chrome on WINDOWS (1202055e87fff73f4029c91d8044e9b2)] -> name: password]
2023-05-21 22:05:954 INFO  LoginPage :55 - Verify logo HRForAll[[ChromeDriver: chrome on WINDOWS (1202055e87fff73f4029c91d8044e9b2)] -> xpath: //div[@class='orangehrm-login-logo']//img[@alt='orangehrm-logo']]
2023-05-21 22:05:02 INFO  LoginPage :45 - Click on Login Button[[ChromeDriver: chrome on WINDOWS (1202055e87fff73f4029c91d8044e9b2)] -> xpath: //button[normalize-space()='Login']]
2023-05-21 22:05:998 INFO  LoginPage :24 - Enter Username[[ChromeDriver: chrome on WINDOWS (a1355d797ef12dbaaab2b35ab08f35cb)] -> name: username]
2023-05-21 22:05:105 INFO  LoginPage :36 - Enter Password[[ChromeDriver: chrome on WINDOWS (a1355d797ef12dbaaab2b35ab08f35cb)] -> name: password]
2023-05-21 22:05:241 INFO  LoginPage :45 - Click on Login Button[[ChromeDriver: chrome on WINDOWS (a1355d797ef12dbaaab2b35ab08f35cb)] -> xpath: //button[normalize-space()='Login']]
2023-05-21 22:05:429 INFO  ViewSysteamUsersPage :26 - Click on Admin[[ChromeDriver: chrome on WINDOWS (a1355d797ef12dbaaab2b35ab08f35cb)] -> xpath: //a[@href='/web/index.php/admin/viewAdminModule']]
2023-05-21 22:05:871 INFO  ViewSysteamUsersPage :36 - Verify System User Text[[ChromeDriver: chrome on WINDOWS (a1355d797ef12dbaaab2b35ab08f35cb)] -> xpath: //h5[@class='oxd-text oxd-text--h5 oxd-table-filter-title']]
2023-05-21 22:05:923 INFO  AddUserPage :23 - Enter Username[[ChromeDriver: chrome on WINDOWS (a1355d797ef12dbaaab2b35ab08f35cb)] -> xpath: //div[@class='oxd-form-row']/div[1]/div[1]/div[1]/div[2]/input[1]]
2023-05-21 22:05:175 INFO  AddUserPage :37 - Select User Role[[ChromeDriver: chrome on WINDOWS (a1355d797ef12dbaaab2b35ab08f35cb)] -> xpath: //div[@class='oxd-grid-4 orangehrm-full-width-grid']/div[2]/div/div[2]/div/div/div[2]/i]
2023-05-21 22:05:295 INFO  AddUserPage :40 - Select Admin[[ChromeDriver: chrome on WINDOWS (a1355d797ef12dbaaab2b35ab08f35cb)] -> xpath: //*[@class='oxd-select-wrapper']//*[contains(text(),'Admin')]]
2023-05-21 22:05:366 INFO  AddUserPage :53 - Select Status[[ChromeDriver: chrome on WINDOWS (a1355d797ef12dbaaab2b35ab08f35cb)] -> xpath: //div[@class='oxd-form-row']/div/div[4]/div/div[2]/div/div]
2023-05-21 22:05:441 INFO  AddUserPage :56 - Select Disable[[ChromeDriver: chrome on WINDOWS (a1355d797ef12dbaaab2b35ab08f35cb)] -> xpath: //*[@class='oxd-select-wrapper']//*[contains(text(),'Disabled')]]
2023-05-21 22:05:518 INFO  AddUserPage :77 - Click on Search[[ChromeDriver: chrome on WINDOWS (a1355d797ef12dbaaab2b35ab08f35cb)] -> xpath: //button[@class='oxd-button oxd-button--medium oxd-button--secondary orangehrm-left-space']]
2023-05-21 22:05:833 INFO  AddUserPage :86 - Verify the Result List[[ChromeDriver: chrome on WINDOWS (a1355d797ef12dbaaab2b35ab08f35cb)] -> xpath: //div[@class='orangehrm-paper-container']/div[2]/div[1]/span[1]]
2023-05-21 22:05:191 INFO  LoginPage :24 - Enter Username[[ChromeDriver: chrome on WINDOWS (f0c65b0b6bc90eba8b7559ab5b0f2dc1)] -> name: username]
2023-05-21 22:05:334 INFO  LoginPage :36 - Enter Password[[ChromeDriver: chrome on WINDOWS (f0c65b0b6bc90eba8b7559ab5b0f2dc1)] -> name: password]
2023-05-21 22:05:508 INFO  LoginPage :45 - Click on Login Button[[ChromeDriver: chrome on WINDOWS (f0c65b0b6bc90eba8b7559ab5b0f2dc1)] -> xpath: //button[normalize-space()='Login']]
2023-05-21 22:05:697 INFO  DashboardPage :22 - Verify Dashboard Text[[ChromeDriver: chrome on WINDOWS (f0c65b0b6bc90eba8b7559ab5b0f2dc1)] -> xpath: //a[@class='oxd-main-menu-item active']]
2023-05-21 22:05:139 INFO  LoginPage :24 - Enter Username[[ChromeDriver: chrome on WINDOWS (2e9e0ea729087a22b7ec9c2ca7619438)] -> name: username]
2023-05-21 22:05:258 INFO  LoginPage :36 - Enter Password[[ChromeDriver: chrome on WINDOWS (2e9e0ea729087a22b7ec9c2ca7619438)] -> name: password]
2023-05-21 22:05:391 INFO  LoginPage :45 - Click on Login Button[[ChromeDriver: chrome on WINDOWS (2e9e0ea729087a22b7ec9c2ca7619438)] -> xpath: //button[normalize-space()='Login']]
2023-05-21 22:05:687 INFO  ViewSysteamUsersPage :26 - Click on Admin[[ChromeDriver: chrome on WINDOWS (2e9e0ea729087a22b7ec9c2ca7619438)] -> xpath: //a[@href='/web/index.php/admin/viewAdminModule']]
2023-05-21 22:05:196 INFO  ViewSysteamUsersPage :36 - Verify System User Text[[ChromeDriver: chrome on WINDOWS (2e9e0ea729087a22b7ec9c2ca7619438)] -> xpath: //h5[@class='oxd-text oxd-text--h5 oxd-table-filter-title']]
2023-05-21 22:05:262 INFO  ViewSysteamUsersPage :46 - Click on Add Button[[ChromeDriver: chrome on WINDOWS (2e9e0ea729087a22b7ec9c2ca7619438)] -> xpath: //button[@class='oxd-button oxd-button--medium oxd-button--secondary']]
2023-05-21 22:05:847 INFO  ViewSysteamUsersPage :55 - Verify Add User[[ChromeDriver: chrome on WINDOWS (2e9e0ea729087a22b7ec9c2ca7619438)] -> xpath: //h6[@class='oxd-text oxd-text--h6 orangehrm-main-title']]
2023-05-21 22:05:881 INFO  ViewSysteamUsersPage :68 - Select Admin [[ChromeDriver: chrome on WINDOWS (2e9e0ea729087a22b7ec9c2ca7619438)] -> xpath: //div[@class='oxd-form-row']/div[1]/div[1]/div[1]/div[2]/div[1]/div[1]/div[2]/i[1]]
2023-05-21 22:05:947 INFO  ViewSysteamUsersPage :71 - Click on Admin[[ChromeDriver: chrome on WINDOWS (2e9e0ea729087a22b7ec9c2ca7619438)] -> xpath: //*[@class='oxd-select-wrapper']//*[contains(text(),'Admin')]]
2023-05-21 22:05:31 INFO  ViewSysteamUsersPage :84 - Enter Employee name[[ChromeDriver: chrome on WINDOWS (2e9e0ea729087a22b7ec9c2ca7619438)] -> xpath: //input[@placeholder='Type for hints...']]
2023-05-21 22:05:210 INFO  ViewSysteamUsersPage :87 - Enter Employee name1[[ChromeDriver: chrome on WINDOWS (2e9e0ea729087a22b7ec9c2ca7619438)] -> xpath: //*[@class='oxd-autocomplete-wrapper']//*[contains(text(),'Goutam  Ganesh')]]
2023-05-21 22:05:282 INFO  ViewSysteamUsersPage :97 - Enter Username[[ChromeDriver: chrome on WINDOWS (2e9e0ea729087a22b7ec9c2ca7619438)] -> xpath: //div[@class='oxd-form-row']/div[1]/div[4]/div[1]/div[2]/input[1]]
2023-05-21 22:05:403 INFO  ViewSysteamUsersPage :114 - Select Status[[ChromeDriver: chrome on WINDOWS (2e9e0ea729087a22b7ec9c2ca7619438)] -> xpath: //body/div[@id='app']/div[1]/div[2]/div[2]/div[1]/div[1]/form[1]/div[1]/div[1]/div[3]/div[1]/div[2]/div[1]/div[1]]
2023-05-21 22:05:484 INFO  ViewSysteamUsersPage :117 - Select Disable[[ChromeDriver: chrome on WINDOWS (2e9e0ea729087a22b7ec9c2ca7619438)] -> css selector: body > div:nth-child(3) > div:nth-child(1) > div:nth-child(2) > div:nth-child(2) > div:nth-child(1) > div:nth-child(1) > form:nth-child(3) > div:nth-child(1) > div:nth-child(1) > div:nth-child(3) > div:nth-child(1) > div:nth-child(2) > div:nth-child(1) > div:nth-child(1) > div:nth-child(1)]
2023-05-21 22:05:558 INFO  ViewSysteamUsersPage :128 - Enter password[[ChromeDriver: chrome on WINDOWS (2e9e0ea729087a22b7ec9c2ca7619438)] -> xpath: //div[@class='orangehrm-card-container']/form[1]/div[2]/div[1]/div[1]/div[1]/div[2]/input[1]]
2023-05-21 22:05:657 INFO  ViewSysteamUsersPage :140 - Enter confirm password[[ChromeDriver: chrome on WINDOWS (2e9e0ea729087a22b7ec9c2ca7619438)] -> xpath: //div[@class='orangehrm-card-container']/form[1]/div[2]/div[1]/div[2]/div[1]/div[2]/input[1]]
2023-05-21 22:05:765 INFO  ViewSysteamUsersPage :150 - Click on Save button[[ChromeDriver: chrome on WINDOWS (2e9e0ea729087a22b7ec9c2ca7619438)] -> xpath: //button[@class='oxd-button oxd-button--medium oxd-button--secondary orangehrm-left-space']]
2023-05-21 22:05:307 INFO  LoginPage :24 - Enter Username[[ChromeDriver: chrome on WINDOWS (fc92cfef41aea493a77c0bebb1e88a5c)] -> name: username]
2023-05-21 22:05:502 INFO  LoginPage :36 - Enter Password[[ChromeDriver: chrome on WINDOWS (fc92cfef41aea493a77c0bebb1e88a5c)] -> name: password]
2023-05-21 22:05:683 INFO  LoginPage :45 - Click on Login Button[[ChromeDriver: chrome on WINDOWS (fc92cfef41aea493a77c0bebb1e88a5c)] -> xpath: //button[normalize-space()='Login']]
2023-05-21 22:05:796 INFO  DashboardPage :34 - Click on User Profile Logo[[ChromeDriver: chrome on WINDOWS (fc92cfef41aea493a77c0bebb1e88a5c)] -> xpath: //i[@class='oxd-icon bi-caret-down-fill oxd-userdropdown-icon']]
2023-05-21 22:05:114 INFO  DashboardPage :45 - Mouse Hoover And Click On Logout[[ChromeDriver: chrome on WINDOWS (fc92cfef41aea493a77c0bebb1e88a5c)] -> link text: Logout]
2023-05-21 22:05:202 INFO  LoginPage :68 - Verify Login Panel Displayed[[ChromeDriver: chrome on WINDOWS (fc92cfef41aea493a77c0bebb1e88a5c)] -> xpath: //h5[normalize-space()='Login']]
2023-05-21 22:05:103 INFO  LoginPage :24 - Enter Username[[ChromeDriver: chrome on WINDOWS (788b5c71cf3e9b07169c1ee23da5af50)] -> name: username]
2023-05-21 22:05:221 INFO  LoginPage :36 - Enter Password[[ChromeDriver: chrome on WINDOWS (788b5c71cf3e9b07169c1ee23da5af50)] -> name: password]
2023-05-21 22:05:361 INFO  LoginPage :45 - Click on Login Button[[ChromeDriver: chrome on WINDOWS (788b5c71cf3e9b07169c1ee23da5af50)] -> xpath: //button[normalize-space()='Login']]
2023-05-21 22:05:604 INFO  ViewSysteamUsersPage :26 - Click on Admin[[ChromeDriver: chrome on WINDOWS (788b5c71cf3e9b07169c1ee23da5af50)] -> xpath: //a[@href='/web/index.php/admin/viewAdminModule']]
2023-05-21 22:05:133 INFO  ViewSysteamUsersPage :36 - Verify System User Text[[ChromeDriver: chrome on WINDOWS (788b5c71cf3e9b07169c1ee23da5af50)] -> xpath: //h5[@class='oxd-text oxd-text--h5 oxd-table-filter-title']]
2023-05-21 22:05:237 INFO  ViewSysteamUsersPage :46 - Click on Add Button[[ChromeDriver: chrome on WINDOWS (788b5c71cf3e9b07169c1ee23da5af50)] -> xpath: //button[@class='oxd-button oxd-button--medium oxd-button--secondary']]
2023-05-21 22:05:790 INFO  ViewSysteamUsersPage :55 - Verify Add User[[ChromeDriver: chrome on WINDOWS (788b5c71cf3e9b07169c1ee23da5af50)] -> xpath: //h6[@class='oxd-text oxd-text--h6 orangehrm-main-title']]
2023-05-21 22:05:824 INFO  ViewSysteamUsersPage :68 - Select Admin [[ChromeDriver: chrome on WINDOWS (788b5c71cf3e9b07169c1ee23da5af50)] -> xpath: //div[@class='oxd-form-row']/div[1]/div[1]/div[1]/div[2]/div[1]/div[1]/div[2]/i[1]]
2023-05-21 22:05:908 INFO  ViewSysteamUsersPage :71 - Click on Admin[[ChromeDriver: chrome on WINDOWS (788b5c71cf3e9b07169c1ee23da5af50)] -> xpath: //*[@class='oxd-select-wrapper']//*[contains(text(),'Admin')]]
2023-05-21 22:05:991 INFO  ViewSysteamUsersPage :84 - Enter Employee name[[ChromeDriver: chrome on WINDOWS (788b5c71cf3e9b07169c1ee23da5af50)] -> xpath: //input[@placeholder='Type for hints...']]
2023-05-21 22:05:254 INFO  ViewSysteamUsersPage :87 - Enter Employee name1[[ChromeDriver: chrome on WINDOWS (788b5c71cf3e9b07169c1ee23da5af50)] -> xpath: //*[@class='oxd-autocomplete-wrapper']//*[contains(text(),'Goutam  Ganesh')]]
2023-05-21 22:05:328 INFO  ViewSysteamUsersPage :97 - Enter Username[[ChromeDriver: chrome on WINDOWS (788b5c71cf3e9b07169c1ee23da5af50)] -> xpath: //div[@class='oxd-form-row']/div[1]/div[4]/div[1]/div[2]/input[1]]
2023-05-21 22:05:440 INFO  ViewSysteamUsersPage :114 - Select Status[[ChromeDriver: chrome on WINDOWS (788b5c71cf3e9b07169c1ee23da5af50)] -> xpath: //body/div[@id='app']/div[1]/div[2]/div[2]/div[1]/div[1]/form[1]/div[1]/div[1]/div[3]/div[1]/div[2]/div[1]/div[1]]
2023-05-21 22:05:506 INFO  ViewSysteamUsersPage :117 - Select Disable[[ChromeDriver: chrome on WINDOWS (788b5c71cf3e9b07169c1ee23da5af50)] -> css selector: body > div:nth-child(3) > div:nth-child(1) > div:nth-child(2) > div:nth-child(2) > div:nth-child(1) > div:nth-child(1) > form:nth-child(3) > div:nth-child(1) > div:nth-child(1) > div:nth-child(3) > div:nth-child(1) > div:nth-child(2) > div:nth-child(1) > div:nth-child(1) > div:nth-child(1)]
2023-05-21 22:05:590 INFO  ViewSysteamUsersPage :128 - Enter password[[ChromeDriver: chrome on WINDOWS (788b5c71cf3e9b07169c1ee23da5af50)] -> xpath: //div[@class='orangehrm-card-container']/form[1]/div[2]/div[1]/div[1]/div[1]/div[2]/input[1]]
2023-05-21 22:05:690 INFO  ViewSysteamUsersPage :140 - Enter confirm password[[ChromeDriver: chrome on WINDOWS (788b5c71cf3e9b07169c1ee23da5af50)] -> xpath: //div[@class='orangehrm-card-container']/form[1]/div[2]/div[1]/div[2]/div[1]/div[2]/input[1]]
2023-05-21 22:05:800 INFO  ViewSysteamUsersPage :150 - Click on Save button[[ChromeDriver: chrome on WINDOWS (788b5c71cf3e9b07169c1ee23da5af50)] -> xpath: //button[@class='oxd-button oxd-button--medium oxd-button--secondary orangehrm-left-space']]
2023-05-21 22:05:363 INFO  LoginPage :24 - Enter Username[[ChromeDriver: chrome on WINDOWS (31edd9ad23d84a9bfa893e35cc07360a)] -> name: username]
2023-05-21 22:05:474 INFO  LoginPage :36 - Enter Password[[ChromeDriver: chrome on WINDOWS (31edd9ad23d84a9bfa893e35cc07360a)] -> name: password]
2023-05-21 22:05:655 INFO  LoginPage :45 - Click on Login Button[[ChromeDriver: chrome on WINDOWS (31edd9ad23d84a9bfa893e35cc07360a)] -> xpath: //button[normalize-space()='Login']]
2023-05-21 22:05:809 INFO  ViewSysteamUsersPage :26 - Click on Admin[[ChromeDriver: chrome on WINDOWS (31edd9ad23d84a9bfa893e35cc07360a)] -> xpath: //a[@href='/web/index.php/admin/viewAdminModule']]
2023-05-21 22:05:209 INFO  ViewSysteamUsersPage :36 - Verify System User Text[[ChromeDriver: chrome on WINDOWS (31edd9ad23d84a9bfa893e35cc07360a)] -> xpath: //h5[@class='oxd-text oxd-text--h5 oxd-table-filter-title']]
2023-05-21 22:05:249 INFO  AddUserPage :23 - Enter Username[[ChromeDriver: chrome on WINDOWS (31edd9ad23d84a9bfa893e35cc07360a)] -> xpath: //div[@class='oxd-form-row']/div[1]/div[1]/div[1]/div[2]/input[1]]
2023-05-21 22:05:384 INFO  AddUserPage :37 - Select User Role[[ChromeDriver: chrome on WINDOWS (31edd9ad23d84a9bfa893e35cc07360a)] -> xpath: //div[@class='oxd-grid-4 orangehrm-full-width-grid']/div[2]/div/div[2]/div/div/div[2]/i]
2023-05-21 22:05:455 INFO  AddUserPage :40 - Select Admin[[ChromeDriver: chrome on WINDOWS (31edd9ad23d84a9bfa893e35cc07360a)] -> xpath: //*[@class='oxd-select-wrapper']//*[contains(text(),'Admin')]]
2023-05-21 22:05:522 INFO  AddUserPage :53 - Select Status[[ChromeDriver: chrome on WINDOWS (31edd9ad23d84a9bfa893e35cc07360a)] -> xpath: //div[@class='oxd-form-row']/div/div[4]/div/div[2]/div/div]
2023-05-21 22:05:607 INFO  AddUserPage :56 - Select Disable[[ChromeDriver: chrome on WINDOWS (31edd9ad23d84a9bfa893e35cc07360a)] -> xpath: //*[@class='oxd-select-wrapper']//*[contains(text(),'Disabled')]]
2023-05-21 22:05:677 INFO  AddUserPage :77 - Click on Search[[ChromeDriver: chrome on WINDOWS (31edd9ad23d84a9bfa893e35cc07360a)] -> xpath: //button[@class='oxd-button oxd-button--medium oxd-button--secondary orangehrm-left-space']]
2023-05-21 22:05:972 INFO  AddUserPage :86 - Verify the Result List[[ChromeDriver: chrome on WINDOWS (31edd9ad23d84a9bfa893e35cc07360a)] -> xpath: //div[@class='orangehrm-paper-container']/div[2]/div[1]/span[1]]
2023-05-21 22:05:910 INFO  LoginPage :24 - Enter Username[[ChromeDriver: chrome on WINDOWS (a5b2d8d35654298ebb2adbe2e879c36f)] -> name: username]
2023-05-21 22:05:38 INFO  LoginPage :36 - Enter Password[[ChromeDriver: chrome on WINDOWS (a5b2d8d35654298ebb2adbe2e879c36f)] -> name: password]
2023-05-21 22:05:171 INFO  LoginPage :45 - Click on Login Button[[ChromeDriver: chrome on WINDOWS (a5b2d8d35654298ebb2adbe2e879c36f)] -> xpath: //button[normalize-space()='Login']]
2023-05-21 22:05:393 INFO  ViewSysteamUsersPage :26 - Click on Admin[[ChromeDriver: chrome on WINDOWS (a5b2d8d35654298ebb2adbe2e879c36f)] -> xpath: //a[@href='/web/index.php/admin/viewAdminModule']]
2023-05-21 22:05:878 INFO  ViewSysteamUsersPage :36 - Verify System User Text[[ChromeDriver: chrome on WINDOWS (a5b2d8d35654298ebb2adbe2e879c36f)] -> xpath: //h5[@class='oxd-text oxd-text--h5 oxd-table-filter-title']]
2023-05-21 22:05:909 INFO  AddUserPage :23 - Enter Username[[ChromeDriver: chrome on WINDOWS (a5b2d8d35654298ebb2adbe2e879c36f)] -> xpath: //div[@class='oxd-form-row']/div[1]/div[1]/div[1]/div[2]/input[1]]
2023-05-21 22:05:27 INFO  AddUserPage :37 - Select User Role[[ChromeDriver: chrome on WINDOWS (a5b2d8d35654298ebb2adbe2e879c36f)] -> xpath: //div[@class='oxd-grid-4 orangehrm-full-width-grid']/div[2]/div/div[2]/div/div/div[2]/i]
2023-05-21 22:05:110 INFO  AddUserPage :40 - Select Admin[[ChromeDriver: chrome on WINDOWS (a5b2d8d35654298ebb2adbe2e879c36f)] -> xpath: //*[@class='oxd-select-wrapper']//*[contains(text(),'Admin')]]
2023-05-21 22:05:176 INFO  ViewSysteamUsersPage :84 - Enter Employee name[[ChromeDriver: chrome on WINDOWS (a5b2d8d35654298ebb2adbe2e879c36f)] -> xpath: //input[@placeholder='Type for hints...']]
2023-05-21 22:05:278 INFO  ViewSysteamUsersPage :87 - Enter Employee name1[[ChromeDriver: chrome on WINDOWS (a5b2d8d35654298ebb2adbe2e879c36f)] -> xpath: //*[@class='oxd-autocomplete-wrapper']//*[contains(text(),'Goutam  Ganesh')]]
2023-05-21 22:05:344 INFO  AddUserPage :53 - Select Status[[ChromeDriver: chrome on WINDOWS (a5b2d8d35654298ebb2adbe2e879c36f)] -> xpath: //div[@class='oxd-form-row']/div/div[4]/div/div[2]/div/div]
2023-05-21 22:05:425 INFO  AddUserPage :56 - Select Disable[[ChromeDriver: chrome on WINDOWS (a5b2d8d35654298ebb2adbe2e879c36f)] -> xpath: //*[@class='oxd-select-wrapper']//*[contains(text(),'Disabled')]]
2023-05-21 22:05:494 INFO  AddUserPage :77 - Click on Search[[ChromeDriver: chrome on WINDOWS (a5b2d8d35654298ebb2adbe2e879c36f)] -> xpath: //button[@class='oxd-button oxd-button--medium oxd-button--secondary orangehrm-left-space']]
2023-05-21 22:05:785 INFO  AddUserPage :86 - Verify the Result List[[ChromeDriver: chrome on WINDOWS (a5b2d8d35654298ebb2adbe2e879c36f)] -> xpath: //div[@class='orangehrm-paper-container']/div[2]/div[1]/span[1]]
2023-05-21 22:05:888 INFO  AddUserPage :95 - Click on CheckboxProxy element for: DefaultElementLocator 'By.xpath: //div[@class='oxd-table-card-cell-checkbox']//i[@class='oxd-icon bi-check oxd-checkbox-input-icon']'
2023-05-21 22:05:292 INFO  LoginPage :24 - Enter Username[[ChromeDriver: chrome on WINDOWS (b57ba5d5ed19bc341d55064e49362506)] -> name: username]
2023-05-21 22:05:407 INFO  LoginPage :36 - Enter Password[[ChromeDriver: chrome on WINDOWS (b57ba5d5ed19bc341d55064e49362506)] -> name: password]
2023-05-21 22:05:539 INFO  LoginPage :45 - Click on Login Button[[ChromeDriver: chrome on WINDOWS (b57ba5d5ed19bc341d55064e49362506)] -> xpath: //button[normalize-space()='Login']]
2023-05-21 22:05:642 INFO  ViewSysteamUsersPage :26 - Click on Admin[[ChromeDriver: chrome on WINDOWS (b57ba5d5ed19bc341d55064e49362506)] -> xpath: //a[@href='/web/index.php/admin/viewAdminModule']]
2023-05-21 22:05:820 INFO  ViewSysteamUsersPage :36 - Verify System User Text[[ChromeDriver: chrome on WINDOWS (b57ba5d5ed19bc341d55064e49362506)] -> xpath: //h5[@class='oxd-text oxd-text--h5 oxd-table-filter-title']]
2023-05-21 22:05:884 INFO  AddUserPage :23 - Enter Username[[ChromeDriver: chrome on WINDOWS (b57ba5d5ed19bc341d55064e49362506)] -> xpath: //div[@class='oxd-form-row']/div[1]/div[1]/div[1]/div[2]/input[1]]
2023-05-21 22:05:17 INFO  AddUserPage :37 - Select User Role[[ChromeDriver: chrome on WINDOWS (b57ba5d5ed19bc341d55064e49362506)] -> xpath: //div[@class='oxd-grid-4 orangehrm-full-width-grid']/div[2]/div/div[2]/div/div/div[2]/i]
2023-05-21 22:05:209 INFO  AddUserPage :40 - Select Admin[[ChromeDriver: chrome on WINDOWS (b57ba5d5ed19bc341d55064e49362506)] -> xpath: //*[@class='oxd-select-wrapper']//*[contains(text(),'Admin')]]
2023-05-21 22:05:282 INFO  ViewSysteamUsersPage :84 - Enter Employee name[[ChromeDriver: chrome on WINDOWS (b57ba5d5ed19bc341d55064e49362506)] -> xpath: //input[@placeholder='Type for hints...']]
2023-05-21 22:05:393 INFO  ViewSysteamUsersPage :87 - Enter Employee name1[[ChromeDriver: chrome on WINDOWS (b57ba5d5ed19bc341d55064e49362506)] -> xpath: //*[@class='oxd-autocomplete-wrapper']//*[contains(text(),'Goutam  Ganesh')]]
2023-05-21 22:05:468 INFO  AddUserPage :53 - Select Status[[ChromeDriver: chrome on WINDOWS (b57ba5d5ed19bc341d55064e49362506)] -> xpath: //div[@class='oxd-form-row']/div/div[4]/div/div[2]/div/div]
2023-05-21 22:05:551 INFO  AddUserPage :56 - Select Disable[[ChromeDriver: chrome on WINDOWS (b57ba5d5ed19bc341d55064e49362506)] -> xpath: //*[@class='oxd-select-wrapper']//*[contains(text(),'Disabled')]]
2023-05-21 22:05:623 INFO  AddUserPage :77 - Click on Search[[ChromeDriver: chrome on WINDOWS (b57ba5d5ed19bc341d55064e49362506)] -> xpath: //button[@class='oxd-button oxd-button--medium oxd-button--secondary orangehrm-left-space']]
2023-05-21 22:05:924 INFO  AddUserPage :148 - Verify The Text No Records Found[[ChromeDriver: chrome on WINDOWS (b57ba5d5ed19bc341d55064e49362506)] -> xpath: //div[@class='orangehrm-horizontal-padding orangehrm-vertical-padding']]
2023-05-21 22:05:08 INFO  LoginPage :24 - Enter Username[[ChromeDriver: chrome on WINDOWS (3acbd8b9a531624d7a53c8b59d636d54)] -> name: username]
2023-05-21 22:05:148 INFO  LoginPage :36 - Enter Password[[ChromeDriver: chrome on WINDOWS (3acbd8b9a531624d7a53c8b59d636d54)] -> name: password]
2023-05-21 22:05:286 INFO  LoginPage :45 - Click on Login Button[[ChromeDriver: chrome on WINDOWS (3acbd8b9a531624d7a53c8b59d636d54)] -> xpath: //button[normalize-space()='Login']]
2023-05-21 22:05:348 INFO  DashboardPage :22 - Verify Dashboard Text[[ChromeDriver: chrome on WINDOWS (3acbd8b9a531624d7a53c8b59d636d54)] -> xpath: //a[@class='oxd-main-menu-item active']]
2023-05-21 22:05:581 INFO  LoginPage :24 - Enter Username[[ChromeDriver: chrome on WINDOWS (32d32a0dc6dd53f85ac3912a30618b1e)] -> name: username]
2023-05-21 22:05:683 INFO  LoginPage :36 - Enter Password[[ChromeDriver: chrome on WINDOWS (32d32a0dc6dd53f85ac3912a30618b1e)] -> name: password]
2023-05-21 22:05:838 INFO  LoginPage :45 - Click on Login Button[[ChromeDriver: chrome on WINDOWS (32d32a0dc6dd53f85ac3912a30618b1e)] -> xpath: //button[normalize-space()='Login']]
2023-05-21 22:05:981 INFO  ViewSysteamUsersPage :26 - Click on Admin[[ChromeDriver: chrome on WINDOWS (32d32a0dc6dd53f85ac3912a30618b1e)] -> xpath: //a[@href='/web/index.php/admin/viewAdminModule']]
2023-05-21 22:05:596 INFO  ViewSysteamUsersPage :36 - Verify System User Text[[ChromeDriver: chrome on WINDOWS (32d32a0dc6dd53f85ac3912a30618b1e)] -> xpath: //h5[@class='oxd-text oxd-text--h5 oxd-table-filter-title']]
2023-05-21 22:05:655 INFO  ViewSysteamUsersPage :46 - Click on Add Button[[ChromeDriver: chrome on WINDOWS (32d32a0dc6dd53f85ac3912a30618b1e)] -> xpath: //button[@class='oxd-button oxd-button--medium oxd-button--secondary']]
2023-05-21 22:05:266 INFO  ViewSysteamUsersPage :55 - Verify Add User[[ChromeDriver: chrome on WINDOWS (32d32a0dc6dd53f85ac3912a30618b1e)] -> xpath: //h6[@class='oxd-text oxd-text--h6 orangehrm-main-title']]
2023-05-21 22:05:301 INFO  ViewSysteamUsersPage :68 - Select Admin [[ChromeDriver: chrome on WINDOWS (32d32a0dc6dd53f85ac3912a30618b1e)] -> xpath: //div[@class='oxd-form-row']/div[1]/div[1]/div[1]/div[2]/div[1]/div[1]/div[2]/i[1]]
2023-05-21 22:05:373 INFO  ViewSysteamUsersPage :71 - Click on Admin[[ChromeDriver: chrome on WINDOWS (32d32a0dc6dd53f85ac3912a30618b1e)] -> xpath: //*[@class='oxd-select-wrapper']//*[contains(text(),'Admin')]]
2023-05-21 22:05:439 INFO  ViewSysteamUsersPage :84 - Enter Employee name[[ChromeDriver: chrome on WINDOWS (32d32a0dc6dd53f85ac3912a30618b1e)] -> xpath: //input[@placeholder='Type for hints...']]
2023-05-21 22:05:611 INFO  ViewSysteamUsersPage :87 - Enter Employee name1[[ChromeDriver: chrome on WINDOWS (32d32a0dc6dd53f85ac3912a30618b1e)] -> xpath: //*[@class='oxd-autocomplete-wrapper']//*[contains(text(),'Goutam  Ganesh')]]
2023-05-21 22:05:690 INFO  ViewSysteamUsersPage :97 - Enter Username[[ChromeDriver: chrome on WINDOWS (32d32a0dc6dd53f85ac3912a30618b1e)] -> xpath: //div[@class='oxd-form-row']/div[1]/div[4]/div[1]/div[2]/input[1]]
2023-05-21 22:05:802 INFO  ViewSysteamUsersPage :114 - Select Status[[ChromeDriver: chrome on WINDOWS (32d32a0dc6dd53f85ac3912a30618b1e)] -> xpath: //body/div[@id='app']/div[1]/div[2]/div[2]/div[1]/div[1]/form[1]/div[1]/div[1]/div[3]/div[1]/div[2]/div[1]/div[1]]
2023-05-21 22:05:886 INFO  ViewSysteamUsersPage :117 - Select Disable[[ChromeDriver: chrome on WINDOWS (32d32a0dc6dd53f85ac3912a30618b1e)] -> css selector: body > div:nth-child(3) > div:nth-child(1) > div:nth-child(2) > div:nth-child(2) > div:nth-child(1) > div:nth-child(1) > form:nth-child(3) > div:nth-child(1) > div:nth-child(1) > div:nth-child(3) > div:nth-child(1) > div:nth-child(2) > div:nth-child(1) > div:nth-child(1) > div:nth-child(1)]
2023-05-21 22:05:956 INFO  ViewSysteamUsersPage :128 - Enter password[[ChromeDriver: chrome on WINDOWS (32d32a0dc6dd53f85ac3912a30618b1e)] -> xpath: //div[@class='orangehrm-card-container']/form[1]/div[2]/div[1]/div[1]/div[1]/div[2]/input[1]]
2023-05-21 22:05:61 INFO  ViewSysteamUsersPage :140 - Enter confirm password[[ChromeDriver: chrome on WINDOWS (32d32a0dc6dd53f85ac3912a30618b1e)] -> xpath: //div[@class='orangehrm-card-container']/form[1]/div[2]/div[1]/div[2]/div[1]/div[2]/input[1]]
2023-05-21 22:05:170 INFO  ViewSysteamUsersPage :150 - Click on Save button[[ChromeDriver: chrome on WINDOWS (32d32a0dc6dd53f85ac3912a30618b1e)] -> xpath: //button[@class='oxd-button oxd-button--medium oxd-button--secondary orangehrm-left-space']]
